{"level":"info","message":"Hello from Acquisitions!","service":"acquisitions-api","timestamp":"2026-07-18T14:33:26.161Z"}
{"level":"info","message":"::1 - - [18/Jul/2026:14:33:26 +0000] \"GET / HTTP/1.1\" 200 24 \"-\" \"Mozilla/5.0 (Windows NT 10.0; Win64; x64) AppleWebKit/537.36 (KHTML, like Gecko) Chrome/150.0.0.0 Safari/537.36\"","service":"acquisitions-api","timestamp":"2026-07-18T14:33:26.200Z"}
{"level":"info","message":"::1 - - [18/Jul/2026:14:33:27 +0000] \"GET /favicon.ico HTTP/1.1\" 404 150 \"-\" \"Mozilla/5.0 (Windows NT 10.0; Win64; x64) AppleWebKit/537.36 (KHTML, like Gecko) Chrome/150.0.0.0 Safari/537.36\"","service":"acquisitions-api","timestamp":"2026-07-18T14:33:27.759Z"}
{"level":"info","message":"Hello from Acquisitions!","service":"acquisitions-api","timestamp":"2026-07-19T16:39:52.961Z"}
{"level":"info","message":"::1 - - [19/Jul/2026:16:39:52 +0000] \"GET / HTTP/1.1\" 200 24 \"-\" \"Mozilla/5.0 (Windows NT 10.0; Win64; x64) AppleWebKit/537.36 (KHTML, like Gecko) Chrome/150.0.0.0 Safari/537.36\"","service":"acquisitions-api","timestamp":"2026-07-19T16:39:52.971Z"}
{"level":"info","message":"::1 - - [19/Jul/2026:16:39:53 +0000] \"GET /favicon.ico HTTP/1.1\" 404 150 \"-\" \"Mozilla/5.0 (Windows NT 10.0; Win64; x64) AppleWebKit/537.36 (KHTML, like Gecko) Chrome/150.0.0.0 Safari/537.36\"","service":"acquisitions-api","timestamp":"2026-07-19T16:39:53.362Z"}
{"level":"error","message":"Error creating the user: Error: User with this email already exists","service":"acquisitions-api","timestamp":"2026-07-19T16:40:46.454Z"}
{"level":"error","message":"Signup error User with this email already exists","service":"acquisitions-api","stack":"Error: User with this email already exists\n    at createUser (file:///D:/Web%20Development/DEVOPS/devops-implementation/src/services/auth.service.js:29:40)\n    at process.processTicksAndRejections (node:internal/process/task_queues:103:5)\n    at async signup (file:///D:/Web%20Development/DEVOPS/devops-implementation/src/controllers/auth.controller.js:21:22)","timestamp":"2026-07-19T16:40:46.459Z"}
{"level":"info","message":"::1 - - [19/Jul/2026:16:40:46 +0000] \"POST /api/auth/sign-up HTTP/1.1\" 409 31 \"-\" \"PostmanRuntime/7.53.0\"","service":"acquisitions-api","timestamp":"2026-07-19T16:40:46.466Z"}
{"level":"info","message":"User aryan1@gmail.com created successfully","service":"acquisitions-api","timestamp":"2026-07-19T16:42:10.999Z"}
{"level":"info","message":"User registered successfully: aryan1@gmail.com","service":"acquisitions-api","timestamp":"2026-07-19T16:42:11.010Z"}
{"level":"info","message":"::1 - - [19/Jul/2026:16:42:11 +0000] \"POST /api/auth/sign-up HTTP/1.1\" 201 110 \"-\" \"PostmanRuntime/7.53.0\"","service":"acquisitions-api","timestamp":"2026-07-19T16:42:11.011Z"}
{"level":"error","message":"Signin error signinSchema is not defined","service":"acquisitions-api","stack":"ReferenceError: signinSchema is not defined\n    at signin (file:///D:/Web%20Development/DEVOPS/devops-implementation/src/controllers/auth.controller.js:47:34)\n    at Layer.handleRequest (D:\\Web Development\\DEVOPS\\devops-implementation\\node_modules\\router\\lib\\layer.js:152:17)\n    at next (D:\\Web Development\\DEVOPS\\devops-implementation\\node_modules\\router\\lib\\route.js:157:13)\n    at Route.dispatch (D:\\Web Development\\DEVOPS\\devops-implementation\\node_modules\\router\\lib\\route.js:117:3)\n    at handle (D:\\Web Development\\DEVOPS\\devops-implementation\\node_modules\\router\\index.js:435:11)\n    at Layer.handleRequest (D:\\Web Development\\DEVOPS\\devops-implementation\\node_modules\\router\\lib\\layer.js:152:17)\n    at D:\\Web Development\\DEVOPS\\devops-implementation\\node_modules\\router\\index.js:295:15\n    at processParams (D:\\Web Development\\DEVOPS\\devops-implementation\\node_modules\\router\\index.js:582:12)\n    at next (D:\\Web Development\\DEVOPS\\devops-implementation\\node_modules\\router\\index.js:291:5)\n    at router.handle (D:\\Web Development\\DEVOPS\\devops-implementation\\node_modules\\router\\index.js:186:3)","timestamp":"2026-07-19T16:42:25.498Z"}
{"level":"info","message":"::1 - - [19/Jul/2026:16:42:25 +0000] \"POST /api/auth/sign-in HTTP/1.1\" 500 1363 \"-\" \"PostmanRuntime/7.53.0\"","service":"acquisitions-api","timestamp":"2026-07-19T16:42:25.501Z"}
{"level":"error","message":"Signin error signinSchema is not defined","service":"acquisitions-api","stack":"ReferenceError: signinSchema is not defined\n    at signin (file:///D:/Web%20Development/DEVOPS/devops-implementation/src/controllers/auth.controller.js:47:34)\n    at Layer.handleRequest (D:\\Web Development\\DEVOPS\\devops-implementation\\node_modules\\router\\lib\\layer.js:152:17)\n    at next (D:\\Web Development\\DEVOPS\\devops-implementation\\node_modules\\router\\lib\\route.js:157:13)\n    at Route.dispatch (D:\\Web Development\\DEVOPS\\devops-implementation\\node_modules\\router\\lib\\route.js:117:3)\n    at handle (D:\\Web Development\\DEVOPS\\devops-implementation\\node_modules\\router\\index.js:435:11)\n    at Layer.handleRequest (D:\\Web Development\\DEVOPS\\devops-implementation\\node_modules\\router\\lib\\layer.js:152:17)\n    at D:\\Web Development\\DEVOPS\\devops-implementation\\node_modules\\router\\index.js:295:15\n    at processParams (D:\\Web Development\\DEVOPS\\devops-implementation\\node_modules\\router\\index.js:582:12)\n    at next (D:\\Web Development\\DEVOPS\\devops-implementation\\node_modules\\router\\index.js:291:5)\n    at router.handle (D:\\Web Development\\DEVOPS\\devops-implementation\\node_modules\\router\\index.js:186:3)","timestamp":"2026-07-19T16:43:16.971Z"}
{"level":"info","message":"::1 - - [19/Jul/2026:16:43:16 +0000] \"POST /api/auth/sign-in HTTP/1.1\" 500 1363 \"-\" \"PostmanRuntime/7.53.0\"","service":"acquisitions-api","timestamp":"2026-07-19T16:43:16.984Z"}
{"level":"info","message":"User signed in successfully: aryan1@gmail.com","service":"acquisitions-api","timestamp":"2026-07-19T16:44:48.806Z"}
{"level":"info","message":"::1 - - [19/Jul/2026:16:44:48 +0000] \"POST /api/auth/sign-in HTTP/1.1\" 200 109 \"-\" \"PostmanRuntime/7.53.0\"","service":"acquisitions-api","timestamp":"2026-07-19T16:44:48.813Z"}
{"level":"info","message":"::1 - - [19/Jul/2026:16:45:17 +0000] \"POST /health HTTP/1.1\" 404 146 \"-\" \"PostmanRuntime/7.53.0\"","service":"acquisitions-api","timestamp":"2026-07-19T16:45:17.336Z"}
{"level":"info","message":"::1 - - [19/Jul/2026:16:45:23 +0000] \"GET /health HTTP/1.1\" 200 74 \"-\" \"PostmanRuntime/7.53.0\"","service":"acquisitions-api","timestamp":"2026-07-19T16:45:23.635Z"}
{"level":"info","message":"::1 - - [19/Jul/2026:16:45:26 +0000] \"GET /health HTTP/1.1\" 200 74 \"-\" \"PostmanRuntime/7.53.0\"","service":"acquisitions-api","timestamp":"2026-07-19T16:45:26.606Z"}
{"level":"info","message":"::1 - - [19/Jul/2026:16:45:28 +0000] \"GET /health HTTP/1.1\" 200 74 \"-\" \"PostmanRuntime/7.53.0\"","service":"acquisitions-api","timestamp":"2026-07-19T16:45:28.952Z"}
{"level":"info","message":"::1 - - [19/Jul/2026:16:45:31 +0000] \"GET /health HTTP/1.1\" 200 74 \"-\" \"PostmanRuntime/7.53.0\"","service":"acquisitions-api","timestamp":"2026-07-19T16:45:31.474Z"}
{"level":"info","message":"::1 - - [19/Jul/2026:16:45:33 +0000] \"GET /health HTTP/1.1\" 200 74 \"-\" \"PostmanRuntime/7.53.0\"","service":"acquisitions-api","timestamp":"2026-07-19T16:45:33.297Z"}
{"level":"info","message":"::1 - - [19/Jul/2026:16:45:33 +0000] \"GET /health HTTP/1.1\" 200 74 \"-\" \"PostmanRuntime/7.53.0\"","service":"acquisitions-api","timestamp":"2026-07-19T16:45:33.820Z"}
{"level":"info","message":"::1 - - [19/Jul/2026:16:45:34 +0000] \"GET /health HTTP/1.1\" 200 74 \"-\" \"PostmanRuntime/7.53.0\"","service":"acquisitions-api","timestamp":"2026-07-19T16:45:34.285Z"}
{"level":"info","message":"::1 - - [19/Jul/2026:16:45:34 +0000] \"GET /health HTTP/1.1\" 200 74 \"-\" \"PostmanRuntime/7.53.0\"","service":"acquisitions-api","timestamp":"2026-07-19T16:45:34.762Z"}
{"level":"info","message":"::1 - - [19/Jul/2026:16:45:36 +0000] \"GET /health HTTP/1.1\" 200 74 \"-\" \"PostmanRuntime/7.53.0\"","service":"acquisitions-api","timestamp":"2026-07-19T16:45:36.045Z"}
{"level":"info","message":"::1 - - [19/Jul/2026:16:45:36 +0000] \"GET /health HTTP/1.1\" 200 74 \"-\" \"PostmanRuntime/7.53.0\"","service":"acquisitions-api","timestamp":"2026-07-19T16:45:36.488Z"}
{"level":"info","message":"::1 - - [19/Jul/2026:16:48:31 +0000] \"GET /health HTTP/1.1\" - - \"-\" \"PostmanRuntime/7.53.0\"","service":"acquisitions-api","timestamp":"2026-07-19T16:48:31.102Z"}
{"ip":"::1","level":"warn","message":"Bot request Blocked ","path":"/health","service":"acquisitions-api","timestamp":"2026-07-19T16:48:31.133Z","userAgent":"PostmanRuntime/7.53.0"}
{"ip":"::1","level":"warn","message":"Bot request Blocked ","path":"/health","service":"acquisitions-api","timestamp":"2026-07-19T16:48:31.444Z","userAgent":"PostmanRuntime/7.53.0"}
{"level":"info","message":"::1 - - [19/Jul/2026:16:48:31 +0000] \"GET /health HTTP/1.1\" 403 68 \"-\" \"PostmanRuntime/7.53.0\"","service":"acquisitions-api","timestamp":"2026-07-19T16:48:31.449Z"}
{"ip":"::1","level":"warn","message":"Bot request Blocked ","path":"/health","service":"acquisitions-api","timestamp":"2026-07-19T16:48:32.199Z","userAgent":"PostmanRuntime/7.53.0"}
{"level":"info","message":"::1 - - [19/Jul/2026:16:48:32 +0000] \"GET /health HTTP/1.1\" 403 68 \"-\" \"PostmanRuntime/7.53.0\"","service":"acquisitions-api","timestamp":"2026-07-19T16:48:32.201Z"}
{"ip":"::1","level":"warn","message":"Bot request Blocked ","path":"/health","service":"acquisitions-api","timestamp":"2026-07-19T16:48:35.125Z","userAgent":"PostmanRuntime/7.53.0"}
{"level":"info","message":"::1 - - [19/Jul/2026:16:48:35 +0000] \"GET /health HTTP/1.1\" 403 68 \"-\" \"PostmanRuntime/7.53.0\"","service":"acquisitions-api","timestamp":"2026-07-19T16:48:35.126Z"}
{"ip":"::1","level":"warn","message":"Bot request Blocked ","path":"/health","service":"acquisitions-api","timestamp":"2026-07-19T16:48:38.504Z","userAgent":"PostmanRuntime/7.53.0"}
{"level":"info","message":"::1 - - [19/Jul/2026:16:48:38 +0000] \"GET /health HTTP/1.1\" 403 68 \"-\" \"PostmanRuntime/7.53.0\"","service":"acquisitions-api","timestamp":"2026-07-19T16:48:38.507Z"}
